# JRE version: OpenJDK Runtime Environment (8.0) (build 1.8.0-25-microsoft-b00)
# Java VM: OpenJDK 64-Bit Server VM (25.71-b00 mixed mode windows-amd64 compressed oops)
Heap:
 PSYoungGen      total 319488K, used 26947K [0x00000000eab00000, 0x0000000100000000, 0x0000000100000000)
  eden space 290816K, 9% used [0x00000000eab00000,0x00000000ec550ca0,0x00000000fc700000)
  from space 28672K, 0% used [0x00000000fe380000,0x00000000fe380000,0x00000000fff80000)
  to   space 29184K, 0% used [0x00000000fc700000,0x00000000fc700000,0x00000000fe380000)
 ParOldGen       total 87552K, used 53520K [0x00000000c0000000, 0x00000000c5580000, 0x00000000eab00000)
  object space 87552K, 61% used [0x00000000c0000000,0x00000000c3444140,0x00000000c5580000)
 Metaspace       used 16823K, capacity 17750K, committed 18304K, reserved 1064960K
  class space    used 2029K, capacity 2267K, committed 2432K, reserved 1048576K
GC Heap History (10 events):
Event: 8.636 GC heap before
{Heap before GC invocations=7 (full 0):
 PSYoungGen      total 155648K, used 147735K [0x00000000eab00000, 0x00000000f5b00000, 0x0000000100000000)
  eden space 133120K, 100% used [0x00000000eab00000,0x00000000f2d00000,0x00000000f2d00000)
  from space 22528K, 64% used [0x00000000f4500000,0x00000000f5345e98,0x00000000f5b00000)
  to   space 23552K, 0% used [0x00000000f2d00000,0x00000000f2d00000,0x00000000f4400000)
 ParOldGen       total 87552K, used 50023K [0x00000000c0000000, 0x00000000c5580000, 0x00000000eab00000)
  object space 87552K, 57% used [0x00000000c0000000,0x00000000c30d9c10,0x00000000c5580000)
 Metaspace       used 16200K, capacity 17244K, committed 17408K, reserved 1064960K
  class space    used 2021K, capacity 2276K, committed 2304K, reserved 1048576K
Event: 8.701 GC heap after
Heap after GC invocations=7 (full 0):
 PSYoungGen      total 156672K, used 23527K [0x00000000eab00000, 0x00000000fe600000, 0x0000000100000000)
  eden space 133120K, 0% used [0x00000000eab00000,0x00000000eab00000,0x00000000f2d00000)
  from space 23552K, 99% used [0x00000000f2d00000,0x00000000f43f9d48,0x00000000f4400000)
  to   space 28160K, 0% used [0x00000000fca80000,0x00000000fca80000,0x00000000fe600000)
 ParOldGen       total 87552K, used 53146K [0x00000000c0000000, 0x00000000c5580000, 0x00000000eab00000)
  object space 87552K, 60% used [0x00000000c0000000,0x00000000c33e6968,0x00000000c5580000)
 Metaspace       used 16200K, capacity 17244K, committed 17408K, reserved 1064960K
  class space    used 2021K, capacity 2276K, committed 2304K, reserved 1048576K
}
Event: 10.179 GC heap before
{Heap before GC invocations=8 (full 0):
 PSYoungGen      total 156672K, used 156647K [0x00000000eab00000, 0x00000000fe600000, 0x0000000100000000)
  eden space 133120K, 100% used [0x00000000eab00000,0x00000000f2d00000,0x00000000f2d00000)
  from space 23552K, 99% used [0x00000000f2d00000,0x00000000f43f9d48,0x00000000f4400000)
  to   space 28160K, 0% used [0x00000000fca80000,0x00000000fca80000,0x00000000fe600000)
 ParOldGen       total 87552K, used 53146K [0x00000000c0000000, 0x00000000c5580000, 0x00000000eab00000)
  object space 87552K, 60% used [0x00000000c0000000,0x00000000c33e6968,0x00000000c5580000)
 Metaspace       used 16627K, capacity 17654K, committed 17792K, reserved 1064960K
  class space    used 2043K, capacity 2313K, committed 2432K, reserved 1048576K
Event: 10.309 GC heap after
Heap after GC invocations=8 (full 0):
 PSYoungGen      total 292864K, used 24019K [0x00000000eab00000, 0x00000000fe900000, 0x0000000100000000)
  eden space 264704K, 0% used [0x00000000eab00000,0x00000000eab00000,0x00000000fad80000)
  from space 28160K, 85% used [0x00000000fca80000,0x00000000fe1f4d98,0x00000000fe600000)
  to   space 29696K, 0% used [0x00000000fad80000,0x00000000fad80000,0x00000000fca80000)
 ParOldGen       total 87552K, used 54322K [0x00000000c0000000, 0x00000000c5580000, 0x00000000eab00000)
  object space 87552K, 62% used [0x00000000c0000000,0x00000000c350c960,0x00000000c5580000)
 Metaspace       used 16627K, capacity 17654K, committed 17792K, reserved 1064960K
  class space    used 2043K, capacity 2313K, committed 2432K, reserved 1048576K
}
Event: 13.370 GC heap before
{Heap before GC invocations=9 (full 0):
 PSYoungGen      total 292864K, used 288723K [0x00000000eab00000, 0x00000000fe900000, 0x0000000100000000)
  eden space 264704K, 100% used [0x00000000eab00000,0x00000000fad80000,0x00000000fad80000)
  from space 28160K, 85% used [0x00000000fca80000,0x00000000fe1f4d98,0x00000000fe600000)
  to   space 29696K, 0% used [0x00000000fad80000,0x00000000fad80000,0x00000000fca80000)
 ParOldGen       total 87552K, used 54322K [0x00000000c0000000, 0x00000000c5580000, 0x00000000eab00000)
  object space 87552K, 62% used [0x00000000c0000000,0x00000000c350c960,0x00000000c5580000)
 Metaspace       used 16839K, capacity 17962K, committed 18304K, reserved 1064960K
  class space    used 2054K, capacity 2319K, committed 2432K, reserved 1048576K
Event: 13.565 GC heap after
Heap after GC invocations=9 (full 0):
 PSYoungGen      total 294400K, used 16414K [0x00000000eab00000, 0x00000000fff80000, 0x0000000100000000)
  eden space 264704K, 0% used [0x00000000eab00000,0x00000000eab00000,0x00000000fad80000)
  from space 29696K, 55% used [0x00000000fad80000,0x00000000fbd87878,0x00000000fca80000)
  to   space 28672K, 0% used [0x00000000fe380000,0x00000000fe380000,0x00000000fff80000)
 ParOldGen       total 87552K, used 66403K [0x00000000c0000000, 0x00000000c5580000, 0x00000000eab00000)
  object space 87552K, 75% used [0x00000000c0000000,0x00000000c40d8e68,0x00000000c5580000)
 Metaspace       used 16839K, capacity 17962K, committed 18304K, reserved 1064960K
  class space    used 2054K, capacity 2319K, committed 2432K, reserved 1048576K
}
Event: 15.914 GC heap before
{Heap before GC invocations=10 (full 0):
 PSYoungGen      total 294400K, used 281118K [0x00000000eab00000, 0x00000000fff80000, 0x0000000100000000)
  eden space 264704K, 100% used [0x00000000eab00000,0x00000000fad80000,0x00000000fad80000)
  from space 29696K, 55% used [0x00000000fad80000,0x00000000fbd87878,0x00000000fca80000)
  to   space 28672K, 0% used [0x00000000fe380000,0x00000000fe380000,0x00000000fff80000)
 ParOldGen       total 87552K, used 66403K [0x00000000c0000000, 0x00000000c5580000, 0x00000000eab00000)
  object space 87552K, 75% used [0x00000000c0000000,0x00000000c40d8e68,0x00000000c5580000)
 Metaspace       used 16905K, capacity 17970K, committed 18304K, reserved 1064960K
  class space    used 2058K, capacity 2319K, committed 2432K, reserved 1048576K
Event: 16.048 GC heap after
Heap after GC invocations=10 (full 0):
 PSYoungGen      total 319488K, used 7571K [0x00000000eab00000, 0x0000000100000000, 0x0000000100000000)
  eden space 290816K, 0% used [0x00000000eab00000,0x00000000eab00000,0x00000000fc700000)
  from space 28672K, 26% used [0x00000000fe380000,0x00000000feae4ee0,0x00000000fff80000)
  to   space 29184K, 0% used [0x00000000fc700000,0x00000000fc700000,0x00000000fe380000)
 ParOldGen       total 87552K, used 77495K [0x00000000c0000000, 0x00000000c5580000, 0x00000000eab00000)
  object space 87552K, 88% used [0x00000000c0000000,0x00000000c4badec0,0x00000000c5580000)
 Metaspace       used 16905K, capacity 17970K, committed 18304K, reserved 1064960K
  class space    used 2058K, capacity 2319K, committed 2432K, reserved 1048576K
}
Event: 16.049 GC heap before
{Heap before GC invocations=11 (full 1):
 PSYoungGen      total 319488K, used 7571K [0x00000000eab00000, 0x0000000100000000, 0x0000000100000000)
  eden space 290816K, 0% used [0x00000000eab00000,0x00000000eab00000,0x00000000fc700000)
  from space 28672K, 26% used [0x00000000fe380000,0x00000000feae4ee0,0x00000000fff80000)
  to   space 29184K, 0% used [0x00000000fc700000,0x00000000fc700000,0x00000000fe380000)
 ParOldGen       total 87552K, used 77495K [0x00000000c0000000, 0x00000000c5580000, 0x00000000eab00000)
  object space 87552K, 88% used [0x00000000c0000000,0x00000000c4badec0,0x00000000c5580000)
 Metaspace       used 16905K, capacity 17970K, committed 18304K, reserved 1064960K
  class space    used 2058K, capacity 2319K, committed 2432K, reserved 1048576K
Event: 17.025 GC heap after
Heap after GC invocations=11 (full 1):
 PSYoungGen      total 319488K, used 0K [0x00000000eab00000, 0x0000000100000000, 0x0000000100000000)
  eden space 290816K, 0% used [0x00000000eab00000,0x00000000eab00000,0x00000000fc700000)
  from space 28672K, 0% used [0x00000000fe380000,0x00000000fe380000,0x00000000fff80000)
  to   space 29184K, 0% used [0x00000000fc700000,0x00000000fc700000,0x00000000fe380000)
 ParOldGen       total 87552K, used 53520K [0x00000000c0000000, 0x00000000c5580000, 0x00000000eab00000)
  object space 87552K, 61% used [0x00000000c0000000,0x00000000c3444140,0x00000000c5580000)
 Metaspace       used 16821K, capacity 17750K, committed 18304K, reserved 1064960K
  class space    used 2029K, capacity 2267K, committed 2432K, reserved 1048576K
}

